-2112800265	ielay
-2111732399	diversi93
-2048531476	alexander.orlyk
-2025811927	my_milnica
-1978568615	marhabo.batirova
-1974020956	r1752011
-1970851633	ab.random
-1897135759	dolgowmm
-1877330351	troll1980_
-1872767918	maxtundra2005
-1871172165	naxon
-1831501613	andrey.malofeykin
-1771723400	olefir.dmitriy
-1754807707	afti
-1731283665	deathxanter
-1727620893	maxikb
-1641550760	bukharkinv
-1608301380	s.y.lobanov
-1589977956	avo_86
-1577044624	vip.ziyakaev
-1564510172	artemkopylovmm
-1558673942	mrzebo2
-1547120935	aleksandrov.vetall
-1542122703	foracad
-1505393044	dgumarov
-1436216439	darknessembraceme88
-1433578729	davud8888
-1373879657	golovanev98
-1323575523	dorupr2
-1300238617	fettsery
-1288821706	iskander.ignatev
-1277076554	pavel.proger
-1228081698	stanlad
-1177603600	antkhit
-1153590731	magistr_vlader
-1149070537	adm.bobrov
-1134183858	ytermita
-1074672853	eugeni.ryabov
-1062078350	ainur.khannanov
-1016566932	kristalev2
-962727215	helen.lazar.77
-948332898	tier32
-939467548	sasgun
-936116338	mvsavkin
-935712397	gh0st84
-915661679	george27khan
-909975219	klimbaxoxo
-905205779	amish
-904440653	samatov_lr
-876885888	vtarbaev
-839988603	sonad395
-806755798	nikomart
-770984925	wickac
-730285492	chog0
-680669060	denkern
-660228265	sklyanka
-594171118	Gavamot
-586329186	dzirtdurden
-573768299	alsergeevich
-523639520	mironouz
-491954186	avyakunichkin
-488368328	turchev
-428107312	dizverst
-399382216	iketari
-395491918	shevadv
-379444204	xversus.nick
-332033396	dema.ivan
-297008185	ksundelb
-271038565	ritter88
-247553987	del00m
-222327523	kurbobo
-187058720	sm29alex
-156805965	ventru.oe
-143806693	dima.gasii
-135427800	gsm-it
-125919812	romann631
-113813070	barovskiyboris
-99439728	olesyabelle
-94022881	Ldatook
-88292068	bartsev
-31647571	denis.bel
-10762052	elena.ilyukhina
36728360	dgrin2005
109850177	p1a9v9e7l
127901577	titovalbert
132880390	mazerfazer
135671061	krofork
149849743	faktorealchik
198099906	xerxes9000sx
206476236	profour
215867176	vera.lobacheva86
250224099	athalie
251059884	r1714273
253296955	n.os2013
279055590	dima_rogachev39
279964065	evgen.inworld
354327052	nagaev.sv
361663775	romansbl
393638061	darthy.first
424540913	razandale
445056877	dgrushetskiy
446187383	andrej.nikonov00
451721475	aurel.samson
479647306	bessob10
480016749	evlinkov
503023942	sergei.senkov
552364211	bondardima1990
555686307	gemoroy
564172147	karbaev
577575358	d-shepelev
616574031	vincitoremonster1402
634634502	pecherkin.dmitrii
636174965	rozikovp
636714748	eai_bat
639784130	igor.pazynich
658191944	radik.zainullin
660583678	bebeg
692978714	i.dovzhenko26
693714403	tigrenok.spb
709219721	turubarov88
741327941	stas_hash
765707685	Homerchik
783363048	p.serducov
790149215	vskurikhin
802478302	geracimov
835898230	zlolive
871192021	antonshell
876635581	m.belyakov
911437711	p
947540274	tolymhlv
1014940625	cianid
1046770002	avshukan
1047524066	Nikolay.Chalykh
1048304501	sergeymitrichev
1052516923	assistent24h
1079360301	slavlk49
1083952754	sarsenov_zhanbek
1087006078	nkornushin
1087375935	n5g
1095659915	panochk
1132317605	vancuxa95
1156319570	poltt
1217861910	evrofriker
1229712197	nastya.pashik
1231883812	p380970610647
1244297312	kontrmail
1248687461	listarenkov
1263773232	BAHAHteByxo
1266566718	andreyKCH
1273146280	des.sudakov
1319299632	mon-keigh
1319676894	ikon
1335693614	sherxansa
1420096323	scrapland
1469580243	krofes
1528445657	evgeniyvm
1551192670	jaygrey
1555352083	Artem.Kugach
1557366062	etelenchenko
1561979678	camomile347
1581169238	michall-alter
1606245507	ash123
1646323197	m4study
1646779045	ivpmail
1671604514	harveyspecter08
1728426166	danil-galperin
1737852124	dirtyspirit
1750481809	gaolbertas
1780610280	dropletofrain
1785730526	alex.okruzhko
1811129746	mikhail.laptev
1836726170	art.sur
1860846421	iosif88
1912080788	ksil
1937503305	netzavisimosti2010
1953706275	victor.chuprakov
1986431563	ninabgtu
2034026380	st.mam_
2058876541	1234